/*C23*/SET SCHEMA PUBLIC
DELETE FROM T_PCK_DUP WHERE GROUPID='test1' AND ID='FIX1' AND NAME='' AND CONVERTERID='upserted.fix' AND TRIM=0
DELETE FROM T_PCK_DUP WHERE GROUPID='testX' AND ID='XML1' AND NAME='' AND CONVERTERID='converter.xml' AND TRIM=0
COMMIT
DELETE FROM XX_SYNC_REC WHERE SYNCTYPE='R' AND SYNCID='1' AND SYNCSTATUS='E' AND LASTSYNCSEQNO=6
COMMIT
/*C24*/SET SCHEMA PUBLIC
DISCONNECT
/*C26*/SET SCHEMA PUBLIC
INSERT INTO XX_SYNC_REC VALUES('R','1','E',0)
COMMIT
DISCONNECT
/*C25*/SET SCHEMA PUBLIC
DISCONNECT
/*C27*/SET SCHEMA PUBLIC
DISCONNECT
/*C28*/SET SCHEMA PUBLIC
DISCONNECT
/*C30*/SET SCHEMA PUBLIC
DISCONNECT
/*C29*/SET SCHEMA PUBLIC
DISCONNECT
/*C31*/SET SCHEMA PUBLIC
DISCONNECT
/*C33*/SET SCHEMA PUBLIC
DELETE FROM XX_SYNC_REC WHERE SYNCTYPE='R' AND SYNCID='1' AND SYNCSTATUS='E' AND LASTSYNCSEQNO=0
INSERT INTO XX_SYNC_REC VALUES('R','1','E',2)
COMMIT
/*C23*/DELETE FROM XX_SYNC_REC WHERE SYNCTYPE='R' AND SYNCID='1' AND SYNCSTATUS='E' AND LASTSYNCSEQNO=2
COMMIT
/*C33*/DISCONNECT
/*C32*/SET SCHEMA PUBLIC
DISCONNECT
/*C34*/SET SCHEMA PUBLIC
DISCONNECT
/*C36*/SET SCHEMA PUBLIC
INSERT INTO XX_SYNC_REC VALUES('R','1','E',0)
COMMIT
DELETE FROM XX_SYNC_REC WHERE SYNCTYPE='R' AND SYNCID='1' AND SYNCSTATUS='E' AND LASTSYNCSEQNO=0
INSERT INTO XX_SYNC_REC VALUES('R','1','E',6)
COMMIT
DISCONNECT
/*C35*/SET SCHEMA PUBLIC
DISCONNECT
/*C23*/DELETE FROM XX_SYNC_REC WHERE SYNCTYPE='R' AND SYNCID='1' AND SYNCSTATUS='E' AND LASTSYNCSEQNO=6
COMMIT
/*C37*/SET SCHEMA PUBLIC
DISCONNECT
/*C39*/SET SCHEMA PUBLIC
INSERT INTO XX_SYNC_REC VALUES('R','1','E',0)
COMMIT
/*C38*/SET SCHEMA PUBLIC
DISCONNECT
/*C39*/DISCONNECT
/*C40*/SET SCHEMA PUBLIC
DISCONNECT
/*C41*/SET SCHEMA PUBLIC
DISCONNECT
/*C42*/SET SCHEMA PUBLIC
DISCONNECT
/*C43*/SET SCHEMA PUBLIC
DISCONNECT
/*C44*/SET SCHEMA PUBLIC
DISCONNECT
/*C45*/SET SCHEMA PUBLIC
DISCONNECT
/*C47*/SET SCHEMA PUBLIC
DISCONNECT
/*C46*/SET SCHEMA PUBLIC
DISCONNECT
/*C48*/SET SCHEMA PUBLIC
DISCONNECT
/*C50*/SET SCHEMA PUBLIC
DISCONNECT
/*C49*/SET SCHEMA PUBLIC
DISCONNECT
/*C51*/SET SCHEMA PUBLIC
DISCONNECT
/*C52*/SET SCHEMA PUBLIC
DISCONNECT
/*C53*/SET SCHEMA PUBLIC
DISCONNECT
/*C54*/SET SCHEMA PUBLIC
DISCONNECT
/*C55*/SET SCHEMA PUBLIC
DISCONNECT
/*C57*/SET SCHEMA PUBLIC
DISCONNECT
/*C56*/SET SCHEMA PUBLIC
DISCONNECT
/*C58*/SET SCHEMA PUBLIC
DISCONNECT
/*C61*/SET SCHEMA PUBLIC
INSERT INTO T_PCK_DUP VALUES('test1','FIX1','','converter.fix',0)
COMMIT
INSERT INTO T_PCK_DUP VALUES('test1','DIV1','','converter.div',0)
COMMIT
DELETE FROM T_PCK_DUP WHERE GROUPID='test1' AND ID='FIX1' AND NAME='' AND CONVERTERID='converter.fix' AND TRIM=0
INSERT INTO T_PCK_DUP VALUES('test1','FIX1','','updated.fix',0)
COMMIT
DELETE FROM T_PCK_DUP WHERE GROUPID='test1' AND ID='DIV1' AND NAME='' AND CONVERTERID='converter.div' AND TRIM=0
COMMIT
DELETE FROM T_PCK_DUP WHERE GROUPID='test1' AND ID='FIX1' AND NAME='' AND CONVERTERID='updated.fix' AND TRIM=0
INSERT INTO T_PCK_DUP VALUES('test1','FIX1','','upserted.fix',0)
COMMIT
INSERT INTO T_PCK_DUP VALUES('testX','XML1','','converter.xml',0)
COMMIT
/*C59*/SET SCHEMA PUBLIC
DISCONNECT
/*C60*/SET SCHEMA PUBLIC
DELETE FROM XX_SYNC_REC WHERE SYNCTYPE='R' AND SYNCID='1' AND SYNCSTATUS='E' AND LASTSYNCSEQNO=0
INSERT INTO XX_SYNC_REC VALUES('R','1','E',6)
COMMIT
DISCONNECT
/*C61*/DISCONNECT
/*C23*/DELETE FROM XX_SYNC_REC WHERE SYNCTYPE='R' AND SYNCID='1' AND SYNCSTATUS='E' AND LASTSYNCSEQNO=6
COMMIT
/*C62*/SET SCHEMA PUBLIC
DISCONNECT
/*C64*/SET SCHEMA PUBLIC
INSERT INTO XX_SYNC_REC VALUES('R','1','E',0)
COMMIT
/*C63*/SET SCHEMA PUBLIC
DISCONNECT
/*C65*/SET SCHEMA PUBLIC
DISCONNECT
/*C64*/DISCONNECT
/*C23*/DELETE FROM T_PCK_DUP WHERE GROUPID='test1' AND ID='FIX1' AND NAME='' AND CONVERTERID='upserted.fix' AND TRIM=0
DELETE FROM T_PCK_DUP WHERE GROUPID='testX' AND ID='XML1' AND NAME='' AND CONVERTERID='converter.xml' AND TRIM=0
COMMIT
/*C66*/SET SCHEMA PUBLIC
DISCONNECT
/*C69*/SET SCHEMA PUBLIC
INSERT INTO T_PCK_DUP VALUES('test1','FIX1','','converter.fix',0)
COMMIT
INSERT INTO T_PCK_DUP VALUES('test1','DIV1','','converter.div',0)
COMMIT
DELETE FROM T_PCK_DUP WHERE GROUPID='test1' AND ID='FIX1' AND NAME='' AND CONVERTERID='converter.fix' AND TRIM=0
INSERT INTO T_PCK_DUP VALUES('test1','FIX1','','updated.fix',0)
COMMIT
DELETE FROM T_PCK_DUP WHERE GROUPID='test1' AND ID='DIV1' AND NAME='' AND CONVERTERID='converter.div' AND TRIM=0
COMMIT
DELETE FROM T_PCK_DUP WHERE GROUPID='test1' AND ID='FIX1' AND NAME='' AND CONVERTERID='updated.fix' AND TRIM=0
INSERT INTO T_PCK_DUP VALUES('test1','FIX1','','upserted.fix',0)
COMMIT
/*C67*/SET SCHEMA PUBLIC
DISCONNECT
/*C69*/INSERT INTO T_PCK_DUP VALUES('testX','XML1','','converter.xml',0)
COMMIT
/*C68*/SET SCHEMA PUBLIC
DELETE FROM XX_SYNC_REC WHERE SYNCTYPE='R' AND SYNCID='1' AND SYNCSTATUS='E' AND LASTSYNCSEQNO=0
INSERT INTO XX_SYNC_REC VALUES('R','1','E',6)
COMMIT
/*C69*/DISCONNECT
/*C68*/DISCONNECT
/*C23*/DELETE FROM XX_SYNC_REC WHERE SYNCTYPE='R' AND SYNCID='1' AND SYNCSTATUS='E' AND LASTSYNCSEQNO=6
COMMIT
DELETE FROM T_PCK_DUP WHERE GROUPID='test1' AND ID='FIX1' AND NAME='' AND CONVERTERID='upserted.fix' AND TRIM=0
DELETE FROM T_PCK_DUP WHERE GROUPID='testX' AND ID='XML1' AND NAME='' AND CONVERTERID='converter.xml' AND TRIM=0
COMMIT
/*C70*/SET SCHEMA PUBLIC
DISCONNECT
/*C72*/SET SCHEMA PUBLIC
INSERT INTO XX_SYNC_REC VALUES('R','1','E',0)
COMMIT
/*C71*/SET SCHEMA PUBLIC
DISCONNECT
/*C72*/DISCONNECT
/*C73*/SET SCHEMA PUBLIC
DISCONNECT
/*C76*/SET SCHEMA PUBLIC
INSERT INTO T_PCK_DUP VALUES('test1','FIX1','','x-converter',1)
COMMIT
/*C74*/SET SCHEMA PUBLIC
DISCONNECT
/*C76*/INSERT INTO T_PCK_DUP VALUES('test1','DIV1','','converter.div',1)
COMMIT
DELETE FROM T_PCK_DUP WHERE GROUPID='test1' AND ID='FIX1' AND NAME='' AND CONVERTERID='x-converter' AND TRIM=1
INSERT INTO T_PCK_DUP VALUES('test1','FIX1','','x-converter',1)
COMMIT
DELETE FROM T_PCK_DUP WHERE GROUPID='test1' AND ID='DIV1' AND NAME='' AND CONVERTERID='converter.div' AND TRIM=1
COMMIT
DELETE FROM T_PCK_DUP WHERE GROUPID='test1' AND ID='FIX1' AND NAME='' AND CONVERTERID='x-converter' AND TRIM=1
INSERT INTO T_PCK_DUP VALUES('test1','FIX1','','x-converter',1)
COMMIT
INSERT INTO T_PCK_DUP VALUES('testX','XML1','','x-converter',1)
COMMIT
/*C75*/SET SCHEMA PUBLIC
DELETE FROM XX_SYNC_REC WHERE SYNCTYPE='R' AND SYNCID='1' AND SYNCSTATUS='E' AND LASTSYNCSEQNO=0
INSERT INTO XX_SYNC_REC VALUES('R','1','E',6)
COMMIT
/*C23*/DELETE FROM XX_SYNC_REC WHERE SYNCTYPE='R' AND SYNCID='1' AND SYNCSTATUS='E' AND LASTSYNCSEQNO=6
COMMIT
DELETE FROM T_PCK_DUP WHERE GROUPID='test1' AND ID='FIX1' AND NAME='' AND CONVERTERID='x-converter' AND TRIM=1
DELETE FROM T_PCK_DUP WHERE GROUPID='testX' AND ID='XML1' AND NAME='' AND CONVERTERID='x-converter' AND TRIM=1
COMMIT
/*C75*/DISCONNECT
/*C76*/DISCONNECT
/*C77*/SET SCHEMA PUBLIC
DISCONNECT
/*C79*/SET SCHEMA PUBLIC
INSERT INTO XX_SYNC_REC VALUES('R','1','E',0)
COMMIT
/*C78*/SET SCHEMA PUBLIC
DISCONNECT
/*C80*/SET SCHEMA PUBLIC
INSERT INTO T_PCK_DUP VALUES('test1','FIX1','','converter.fix',1)
COMMIT
INSERT INTO T_PCK_DUP VALUES('test1','DIV1','','x-converter',1)
COMMIT
DELETE FROM T_PCK_DUP WHERE GROUPID='test1' AND ID='FIX1' AND NAME='' AND CONVERTERID='converter.fix' AND TRIM=1
INSERT INTO T_PCK_DUP VALUES('test1','FIX1','','updated.fix',1)
COMMIT
DELETE FROM T_PCK_DUP WHERE GROUPID='test1' AND ID='DIV1' AND NAME='' AND CONVERTERID='x-converter' AND TRIM=1
COMMIT
DELETE FROM T_PCK_DUP WHERE GROUPID='test1' AND ID='FIX1' AND NAME='' AND CONVERTERID='updated.fix' AND TRIM=1
INSERT INTO T_PCK_DUP VALUES('test1','FIX1','','upserted.fix',1)
COMMIT
INSERT INTO T_PCK_DUP VALUES('testX','XML1','','converter.xml',1)
COMMIT
/*C79*/DELETE FROM XX_SYNC_REC WHERE SYNCTYPE='R' AND SYNCID='1' AND SYNCSTATUS='E' AND LASTSYNCSEQNO=0
INSERT INTO XX_SYNC_REC VALUES('R','1','E',6)
COMMIT
DISCONNECT
/*C80*/DISCONNECT
/*C23*/DELETE FROM T_PCK_DUP WHERE GROUPID='test1' AND ID='FIX1' AND NAME='' AND CONVERTERID='upserted.fix' AND TRIM=1
DELETE FROM T_PCK_DUP WHERE GROUPID='testX' AND ID='XML1' AND NAME='' AND CONVERTERID='converter.xml' AND TRIM=1
COMMIT
DELETE FROM XX_SYNC_REC WHERE SYNCTYPE='R' AND SYNCID='1' AND SYNCSTATUS='E' AND LASTSYNCSEQNO=6
COMMIT
/*C81*/SET SCHEMA PUBLIC
DISCONNECT
/*C83*/SET SCHEMA PUBLIC
INSERT INTO XX_SYNC_REC VALUES('R','1','E',0)
COMMIT
DISCONNECT
/*C82*/SET SCHEMA PUBLIC
DISCONNECT
/*C84*/SET SCHEMA PUBLIC
DISCONNECT
/*C86*/SET SCHEMA PUBLIC
DISCONNECT
/*C85*/SET SCHEMA PUBLIC
DISCONNECT
/*C87*/SET SCHEMA PUBLIC
DISCONNECT
/*C90*/SET SCHEMA PUBLIC
INSERT INTO T_PCK_DUP VALUES('test1','FIX1','N','2014-05-01',1)
COMMIT
/*C88*/SET SCHEMA PUBLIC
DISCONNECT
/*C90*/INSERT INTO T_PCK_DUP VALUES('test1','DIV1','N','2014-05-01',1)
COMMIT
DELETE FROM T_PCK_DUP WHERE GROUPID='test1' AND ID='FIX1' AND NAME='N' AND CONVERTERID='2014-05-01' AND TRIM=1
INSERT INTO T_PCK_DUP VALUES('test1','FIX1','N','2014-05-01',1)
COMMIT
DELETE FROM T_PCK_DUP WHERE GROUPID='test1' AND ID='DIV1' AND NAME='N' AND CONVERTERID='2014-05-01' AND TRIM=1
COMMIT
DELETE FROM T_PCK_DUP WHERE GROUPID='test1' AND ID='FIX1' AND NAME='N' AND CONVERTERID='2014-05-01' AND TRIM=1
INSERT INTO T_PCK_DUP VALUES('test1','FIX1','N','2014-05-01',1)
COMMIT
INSERT INTO T_PCK_DUP VALUES('testX','XML1','N','2014-05-01',1)
COMMIT
/*C89*/SET SCHEMA PUBLIC
DELETE FROM XX_SYNC_REC WHERE SYNCTYPE='R' AND SYNCID='1' AND SYNCSTATUS='E' AND LASTSYNCSEQNO=0
INSERT INTO XX_SYNC_REC VALUES('R','1','E',6)
COMMIT
DISCONNECT
/*C90*/DISCONNECT
/*C23*/create table T_CONVERTER\u000a(\u000a  id varchar(30) not null,\u000a  name varchar(30)\u000a)
create unique index T_CONVERTER_UK on T_CONVERTER (id)
INSERT INTO T_CONVERTER VALUES('converter.fix','\u5b9a\u957f')
COMMIT
INSERT INTO T_CONVERTER VALUES('converter.div','\u5206\u5272\u7b26')
COMMIT
INSERT INTO T_CONVERTER VALUES('converter.xml','XML')
COMMIT
DELETE FROM XX_SYNC_REC WHERE SYNCTYPE='R' AND SYNCID='1' AND SYNCSTATUS='E' AND LASTSYNCSEQNO=6
COMMIT
DELETE FROM T_PCK_DUP WHERE GROUPID='test1' AND ID='FIX1' AND NAME='N' AND CONVERTERID='2014-05-01' AND TRIM=1
DELETE FROM T_PCK_DUP WHERE GROUPID='testX' AND ID='XML1' AND NAME='N' AND CONVERTERID='2014-05-01' AND TRIM=1
COMMIT
/*C91*/SET SCHEMA PUBLIC
DISCONNECT
/*C93*/SET SCHEMA PUBLIC
INSERT INTO XX_SYNC_REC VALUES('R','1','E',0)
COMMIT
/*C92*/SET SCHEMA PUBLIC
DISCONNECT
/*C94*/SET SCHEMA PUBLIC
INSERT INTO T_PCK_DUP VALUES('test1','FIX1','\u5b9a\u957f','converter.fix',1)
COMMIT
INSERT INTO T_PCK_DUP VALUES('test1','DIV1','\u5206\u5272\u7b26','converter.div',1)
COMMIT
DELETE FROM T_PCK_DUP WHERE GROUPID='test1' AND ID='FIX1' AND NAME='\u5b9a\u957f' AND CONVERTERID='converter.fix' AND TRIM=1
INSERT INTO T_PCK_DUP VALUES('test1','FIX1','','updated.fix',1)
COMMIT
DELETE FROM T_PCK_DUP WHERE GROUPID='test1' AND ID='DIV1' AND NAME='\u5206\u5272\u7b26' AND CONVERTERID='converter.div' AND TRIM=1
COMMIT
DELETE FROM T_PCK_DUP WHERE GROUPID='test1' AND ID='FIX1' AND NAME='' AND CONVERTERID='updated.fix' AND TRIM=1
INSERT INTO T_PCK_DUP VALUES('test1','FIX1','','upserted.fix',1)
COMMIT
INSERT INTO T_PCK_DUP VALUES('testX','XML1','XML','converter.xml',1)
COMMIT
/*C93*/DELETE FROM XX_SYNC_REC WHERE SYNCTYPE='R' AND SYNCID='1' AND SYNCSTATUS='E' AND LASTSYNCSEQNO=0
INSERT INTO XX_SYNC_REC VALUES('R','1','E',6)
COMMIT
DISCONNECT
/*C94*/DISCONNECT
/*C23*/DELETE FROM XX_SYNC_REC WHERE SYNCTYPE='R' AND SYNCID='1' AND SYNCSTATUS='E' AND LASTSYNCSEQNO=6
COMMIT
/*C95*/SET SCHEMA PUBLIC
DISCONNECT
/*C96*/SET SCHEMA PUBLIC
DISCONNECT
/*C97*/SET SCHEMA PUBLIC
INSERT INTO XX_SYNC_REC VALUES('R','1','E',0)
COMMIT
/*C23*/DELETE FROM XX_SYNC_REC WHERE SYNCTYPE='R' AND SYNCID='1' AND SYNCSTATUS='E' AND LASTSYNCSEQNO=0
COMMIT
DELETE FROM T_PCK_DUP WHERE GROUPID='test1' AND ID='FIX1' AND NAME='' AND CONVERTERID='upserted.fix' AND TRIM=1
DELETE FROM T_PCK_DUP WHERE GROUPID='testX' AND ID='XML1' AND NAME='XML' AND CONVERTERID='converter.xml' AND TRIM=1
COMMIT
/*C97*/DISCONNECT
/*C98*/SET SCHEMA PUBLIC
DISCONNECT
/*C99*/SET SCHEMA PUBLIC
DISCONNECT
/*C100*/SET SCHEMA PUBLIC
DISCONNECT
/*C101*/SET SCHEMA PUBLIC
INSERT INTO XX_SYNC_REC VALUES('R','1','E',0)
COMMIT
/*C102*/SET SCHEMA PUBLIC
INSERT INTO T_PCK_DUP VALUES('test1','FIX1','\u5b9a\u957f','converter.fix',1)
COMMIT
INSERT INTO T_PCK_DUP VALUES('test1','DIV1','\u5206\u5272\u7b26','converter.div',1)
COMMIT
DELETE FROM T_PCK_DUP WHERE GROUPID='test1' AND ID='FIX1' AND NAME='\u5b9a\u957f' AND CONVERTERID='converter.fix' AND TRIM=1
INSERT INTO T_PCK_DUP VALUES('test1','FIX1','','updated.fix',1)
COMMIT
DELETE FROM T_PCK_DUP WHERE GROUPID='test1' AND ID='DIV1' AND NAME='\u5206\u5272\u7b26' AND CONVERTERID='converter.div' AND TRIM=1
COMMIT
DELETE FROM T_PCK_DUP WHERE GROUPID='test1' AND ID='FIX1' AND NAME='' AND CONVERTERID='updated.fix' AND TRIM=1
INSERT INTO T_PCK_DUP VALUES('test1','FIX1','','upserted.fix',1)
COMMIT
INSERT INTO T_PCK_DUP VALUES('testX','XML1','XML','converter.xml',1)
COMMIT
/*C101*/DELETE FROM XX_SYNC_REC WHERE SYNCTYPE='R' AND SYNCID='1' AND SYNCSTATUS='E' AND LASTSYNCSEQNO=0
INSERT INTO XX_SYNC_REC VALUES('R','1','E',6)
COMMIT
/*C102*/DISCONNECT
/*C101*/DISCONNECT
/*C23*/DELETE FROM T_PCK_DUP WHERE GROUPID='test1' AND ID='FIX1' AND NAME='' AND CONVERTERID='upserted.fix' AND TRIM=1
DELETE FROM T_PCK_DUP WHERE GROUPID='testX' AND ID='XML1' AND NAME='XML' AND CONVERTERID='converter.xml' AND TRIM=1
COMMIT
DELETE FROM XX_SYNC_REC WHERE SYNCTYPE='R' AND SYNCID='1' AND SYNCSTATUS='E' AND LASTSYNCSEQNO=6
COMMIT
/*C103*/SET SCHEMA PUBLIC
DISCONNECT
/*C104*/SET SCHEMA PUBLIC
DISCONNECT
/*C105*/SET SCHEMA PUBLIC
INSERT INTO XX_SYNC_REC VALUES('R','1','E',0)
COMMIT
/*C106*/SET SCHEMA PUBLIC
INSERT INTO T_PCK_DUP VALUES('test1','FIX1','\u5b9a\u957f','converter.fix',1)
COMMIT
INSERT INTO T_PCK_DUP VALUES('test1','DIV1','\u5206\u5272\u7b26','converter.div',1)
COMMIT
DELETE FROM T_PCK_DUP WHERE GROUPID='test1' AND ID='FIX1' AND NAME='\u5b9a\u957f' AND CONVERTERID='converter.fix' AND TRIM=1
INSERT INTO T_PCK_DUP VALUES('test1','FIX1','','updated.fix',1)
COMMIT
DELETE FROM T_PCK_DUP WHERE GROUPID='test1' AND ID='DIV1' AND NAME='\u5206\u5272\u7b26' AND CONVERTERID='converter.div' AND TRIM=1
COMMIT
DELETE FROM T_PCK_DUP WHERE GROUPID='test1' AND ID='FIX1' AND NAME='' AND CONVERTERID='updated.fix' AND TRIM=1
INSERT INTO T_PCK_DUP VALUES('test1','FIX1','','upserted.fix',1)
COMMIT
INSERT INTO T_PCK_DUP VALUES('testX','XML1','XML','converter.xml',1)
COMMIT
/*C105*/DELETE FROM XX_SYNC_REC WHERE SYNCTYPE='R' AND SYNCID='1' AND SYNCSTATUS='E' AND LASTSYNCSEQNO=0
INSERT INTO XX_SYNC_REC VALUES('R','1','E',6)
COMMIT
DISCONNECT
/*C106*/DISCONNECT
/*C23*/DELETE FROM XX_SYNC_REC WHERE SYNCTYPE='R' AND SYNCID='1' AND SYNCSTATUS='E' AND LASTSYNCSEQNO=6
COMMIT
DELETE FROM T_PCK_DUP WHERE GROUPID='test1' AND ID='FIX1' AND NAME='' AND CONVERTERID='upserted.fix' AND TRIM=1
DELETE FROM T_PCK_DUP WHERE GROUPID='testX' AND ID='XML1' AND NAME='XML' AND CONVERTERID='converter.xml' AND TRIM=1
COMMIT
/*C107*/SET SCHEMA PUBLIC
DISCONNECT
/*C109*/SET SCHEMA PUBLIC
INSERT INTO XX_SYNC_REC VALUES('R','1','E',0)
COMMIT
/*C108*/SET SCHEMA PUBLIC
DISCONNECT
/*C110*/SET SCHEMA PUBLIC
INSERT INTO T_PCK_DUP VALUES('test1','FIX1','\u5b9a\u957f','converter.fix',1)
COMMIT
INSERT INTO T_PCK_DUP VALUES('test1','DIV1','\u5206\u5272\u7b26','converter.div',1)
COMMIT
DELETE FROM T_PCK_DUP WHERE GROUPID='test1' AND ID='FIX1' AND NAME='\u5b9a\u957f' AND CONVERTERID='converter.fix' AND TRIM=1
INSERT INTO T_PCK_DUP VALUES('test1','FIX1','','updated.fix',1)
COMMIT
DELETE FROM T_PCK_DUP WHERE GROUPID='test1' AND ID='DIV1' AND NAME='\u5206\u5272\u7b26' AND CONVERTERID='converter.div' AND TRIM=1
COMMIT
DELETE FROM T_PCK_DUP WHERE GROUPID='test1' AND ID='FIX1' AND NAME='' AND CONVERTERID='updated.fix' AND TRIM=1
INSERT INTO T_PCK_DUP VALUES('test1','FIX1','','upserted.fix',1)
COMMIT
INSERT INTO T_PCK_DUP VALUES('testX','XML1','XML','converter.xml',1)
COMMIT
/*C109*/DELETE FROM XX_SYNC_REC WHERE SYNCTYPE='R' AND SYNCID='1' AND SYNCSTATUS='E' AND LASTSYNCSEQNO=0
INSERT INTO XX_SYNC_REC VALUES('R','1','E',6)
COMMIT
/*C110*/DISCONNECT
/*C109*/DISCONNECT
